<?xml version="1.0" encoding="UTF-8"?>
<!-- Generated by org.testng.reporters.JUnitReportReporter -->
<testsuite hostname="WKWZTs6B2xJZaJI" failures="0" tests="5" name="Testing.LoginTest" time="11.687" errors="0" timestamp="2022-11-23T00:00:18 IST" skipped="0">
  <testcase classname="Testing.LoginTest" name="noUsernamePassword" time="0.199"/>
  <system-out/>
  <testcase classname="Testing.LoginTest" name="noUsernameNoPassword" time="0.152"/>
  <system-out/>
  <testcase classname="Testing.LoginTest" name="validUsernameInvalidPassword" time="1.008"/>
  <system-out/>
  <testcase classname="Testing.LoginTest" name="invalidUsernameNoPassword" time="0.293"/>
  <system-out/>
  <testcase classname="Testing.LoginTest" name="validUsernameValidPassword" time="10.035"/>
  <system-out/>
</testsuite> <!-- Testing.LoginTest -->
