<?xml version="1.0" encoding="UTF-8"?>
<!-- Generated by org.testng.reporters.JUnitReportReporter -->
<testsuite hostname="WKWZTs6B2xJZaJI" failures="0" tests="2" name="Testing.CreateUserTest" time="14.895" errors="0" timestamp="2022-11-23T00:00:18 IST" skipped="0">
  <testcase classname="Testing.CreateUserTest" name="createUser" time="12.461"/>
  <system-out/>
  <testcase classname="Testing.CreateUserTest" name="SignInWithNewUser" time="2.434"/>
  <system-out/>
</testsuite> <!-- Testing.CreateUserTest -->
