<?xml version="1.0" encoding="UTF-8"?>
<!-- Generated by org.testng.reporters.JUnitReportReporter -->
<testsuite hostname="WKWZTs6B2xJZaJI" failures="0" tests="2" name="Testing.SignupFormTest" time="9.348" errors="0" timestamp="2022-11-23T00:00:18 IST" skipped="0">
  <testcase classname="Testing.SignupFormTest" name="fillForm" time="5.704"/>
  <system-out>
    <![CDATA[Wilbur, wilbur@gmail.com:Abcd@1234]]>
  </system-out>
  <testcase classname="Testing.SignupFormTest" name="login" time="3.644"/>
  <system-out/>
</testsuite> <!-- Testing.SignupFormTest -->
