<?xml version="1.0" encoding="UTF-8"?>
<!-- Generated by org.testng.reporters.JUnitReportReporter -->
<testsuite hostname="WKWZTs6B2xJZaJI" failures="0" tests="1" name="Util.ReadingExcel" time="0.484" errors="0" timestamp="2022-11-23T11:44:28 IST" skipped="0">
  <testcase classname="Util.ReadingExcel" name="testData" time="0.484"/>
  <system-out/>
</testsuite> <!-- Util.ReadingExcel -->
