<?xml version="1.0" encoding="UTF-8"?>
<!-- Generated by org.testng.reporters.JUnitReportReporter -->
<testsuite hostname="WKWZTs6B2xJZaJI" failures="0" tests="1" name="Testing.CrossBrowserTesting" time="16.271" errors="0" timestamp="2022-11-23T00:00:18 IST" skipped="0">
  <testcase classname="Testing.CrossBrowserTesting" name="loginTest" time="16.271"/>
  <system-out/>
</testsuite> <!-- Testing.CrossBrowserTesting -->
