<?xml version="1.0" encoding="UTF-8"?>
<!-- Generated by org.testng.reporters.JUnitReportReporter -->
<testsuite hostname="WKWZTs6B2xJZaJI" failures="0" tests="5" name="Testing.TestingBrowserStack" time="116.404" errors="0" timestamp="2022-11-24T11:41:48 IST" skipped="0">
  <testcase classname="Testing.TestingBrowserStack" name="testLoginBrowsers" time="22.535"/>
  <system-out/>
  <testcase classname="Testing.TestingBrowserStack" name="testLoginBrowsers" time="21.760"/>
  <system-out/>
  <testcase classname="Testing.TestingBrowserStack" name="testLoginBrowsers" time="26.880"/>
  <system-out/>
  <testcase classname="Testing.TestingBrowserStack" name="testLoginBrowsers" time="23.905"/>
  <system-out/>
  <testcase classname="Testing.TestingBrowserStack" name="testLoginBrowsers" time="21.324"/>
  <system-out/>
</testsuite> <!-- Testing.TestingBrowserStack -->
