<?xml version="1.0" encoding="UTF-8"?>
<!-- Generated by org.testng.reporters.JUnitReportReporter -->
<testsuite hostname="WKWZTs6B2xJZaJI" failures="0" tests="5" name="Testing.AssertionDemo" time="0.041" errors="0" timestamp="2022-11-23T00:00:18 IST" skipped="0">
  <testcase classname="Testing.AssertionDemo" name="test2" time="0.008"/>
  <system-out/>
  <testcase classname="Testing.AssertionDemo" name="test3" time="0.003"/>
  <system-out/>
  <testcase classname="Testing.AssertionDemo" name="test5" time="0.004"/>
  <system-out/>
  <testcase classname="Testing.AssertionDemo" name="test1" time="0.024"/>
  <system-out/>
  <testcase classname="Testing.AssertionDemo" name="test4" time="0.002"/>
  <system-out/>
</testsuite> <!-- Testing.AssertionDemo -->
