<?xml version="1.0" encoding="UTF-8"?>
<!-- Generated by org.testng.reporters.JUnitReportReporter -->
<testsuite hostname="WKWZTs6B2xJZaJI" failures="0" tests="2" name="Testing.CreateUserTest" time="13.186" errors="0" timestamp="2022-11-23T15:50:29 IST" skipped="0">
  <testcase classname="Testing.CreateUserTest" name="createUser" time="11.949"/>
  <system-out/>
  <testcase classname="Testing.CreateUserTest" name="SignInWithNewUser" time="1.237"/>
  <system-out/>
</testsuite> <!-- Testing.CreateUserTest -->
