<?xml version="1.0" encoding="UTF-8"?>
<!-- Generated by org.testng.reporters.JUnitReportReporter -->
<testsuite hostname="WKWZTs6B2xJZaJI" failures="0" tests="2" name="Testing.SignupFormTest" time="8.115" errors="0" timestamp="2022-11-23T15:50:29 IST" skipped="0">
  <testcase classname="Testing.SignupFormTest" name="fillForm" time="5.168"/>
  <system-out>
    <![CDATA[Janita, janita@gmail.com:Abcd@1234]]>
  </system-out>
  <testcase classname="Testing.SignupFormTest" name="login" time="2.947"/>
  <system-out/>
</testsuite> <!-- Testing.SignupFormTest -->
