<?xml version="1.0" encoding="UTF-8"?>
<!-- Generated by org.testng.reporters.JUnitReportReporter -->
<testsuite hostname="WKWZTs6B2xJZaJI" failures="0" tests="4" name="Testing.SmokeDemo" time="0.136" errors="0" timestamp="2022-11-23T15:50:29 IST" skipped="0">
  <testcase classname="Testing.SmokeDemo" name="verifyTitle" time="0.008"/>
  <system-out/>
  <testcase classname="Testing.SmokeDemo" name="verifySocialMediaCount" time="0.028"/>
  <system-out/>
  <testcase classname="Testing.SmokeDemo" name="verifyForgotPassword" time="0.092"/>
  <system-out/>
  <testcase classname="Testing.SmokeDemo" name="verifyUrl" time="0.008"/>
  <system-out/>
</testsuite> <!-- Testing.SmokeDemo -->
