<?xml version="1.0" encoding="UTF-8"?>
<!-- Generated by org.testng.reporters.JUnitReportReporter -->
<testsuite hostname="WKWZTs6B2xJZaJI" failures="0" tests="5" name="Testing.LoginTest" time="5.931" errors="0" timestamp="2022-11-23T15:50:29 IST" skipped="0">
  <testcase classname="Testing.LoginTest" name="validUsernameInvalidPassword" time="0.876"/>
  <system-out/>
  <testcase classname="Testing.LoginTest" name="noUsernamePassword" time="0.115"/>
  <system-out/>
  <testcase classname="Testing.LoginTest" name="invalidUsernameNoPassword" time="0.318"/>
  <system-out/>
  <testcase classname="Testing.LoginTest" name="noUsernameNoPassword" time="0.143"/>
  <system-out/>
  <testcase classname="Testing.LoginTest" name="validUsernameValidPassword" time="4.479"/>
  <system-out/>
</testsuite> <!-- Testing.LoginTest -->
