<?xml version="1.0" encoding="UTF-8"?>
<!-- Generated by org.testng.reporters.JUnitReportReporter -->
<testsuite hostname="WKWZTs6B2xJZaJI" failures="0" tests="5" name="Testing.AssertionDemo" time="0.009" errors="0" timestamp="2022-11-23T15:50:29 IST" skipped="0">
  <testcase classname="Testing.AssertionDemo" name="test3" time="0.000"/>
  <system-out/>
  <testcase classname="Testing.AssertionDemo" name="test4" time="0.000"/>
  <system-out/>
  <testcase classname="Testing.AssertionDemo" name="test2" time="0.000"/>
  <system-out/>
  <testcase classname="Testing.AssertionDemo" name="test1" time="0.009"/>
  <system-out/>
  <testcase classname="Testing.AssertionDemo" name="test5" time="0.000"/>
  <system-out/>
</testsuite> <!-- Testing.AssertionDemo -->
