<?xml version="1.0" encoding="UTF-8"?>
<!-- Generated by org.testng.reporters.JUnitReportReporter -->
<testsuite hostname="WKWZTs6B2xJZaJI" failures="0" tests="4" name="Testing.CrossBrowserTesting" time="23.612" errors="0" timestamp="2022-11-23T15:50:29 IST" skipped="0">
  <testcase classname="Testing.CrossBrowserTesting" name="loginTest" time="6.423"/>
  <system-out/>
  <testcase classname="Testing.CrossBrowserTesting" name="loginTest" time="8.845"/>
  <system-out/>
  <testcase classname="Testing.CrossBrowserTesting" name="loginTest" time="4.196"/>
  <system-out/>
  <testcase classname="Testing.CrossBrowserTesting" name="loginTest" time="4.148"/>
  <system-out/>
</testsuite> <!-- Testing.CrossBrowserTesting -->
